[02-Apr-2026 10:45:22 UTC] PHP Warning:  ini_set(): Session ini settings cannot be changed when a session is active in C:\xampp\htdocs\salem-dominion-ministries\config.php on line 159
[02-Apr-2026 10:45:22 UTC] PHP Warning:  ini_set(): Session ini settings cannot be changed when a session is active in C:\xampp\htdocs\salem-dominion-ministries\config.php on line 160
[02-Apr-2026 10:45:22 UTC] PHP Warning:  ini_set(): Session ini settings cannot be changed when a session is active in C:\xampp\htdocs\salem-dominion-ministries\config.php on line 161
[02-Apr-2026 10:45:22 UTC] PHP Warning:  ini_set(): Session ini settings cannot be changed when a session is active in C:\xampp\htdocs\salem-dominion-ministries\config.php on line 162
[02-Apr-2026 10:45:22 UTC] Environment Info: {"environment":"development","debug_mode":true,"database_host":"localhost","database_name":"salem_dominion_ministries","database_user":"root","app_url":"http:\/\/localhost\/salem-dominion-ministries","mail_enabled":false,"server_name":"localhost","http_host":"localhost","document_root":"C:\/xampp\/htdocs"}
[02-Apr-2026 10:45:22 UTC] Database Connection Test: SUCCESS
[02-Apr-2026 10:45:22 UTC] PHP Warning:  Undefined array key "category" in C:\xampp\htdocs\salem-dominion-ministries\ministries.php on line 174
[02-Apr-2026 10:45:22 UTC] PHP Warning:  Undefined array key "category" in C:\xampp\htdocs\salem-dominion-ministries\ministries.php on line 175
[02-Apr-2026 10:45:22 UTC] PHP Warning:  Undefined array key "category" in C:\xampp\htdocs\salem-dominion-ministries\ministries.php on line 174
[02-Apr-2026 10:45:22 UTC] PHP Warning:  Undefined array key "category" in C:\xampp\htdocs\salem-dominion-ministries\ministries.php on line 175
[02-Apr-2026 10:45:22 UTC] PHP Warning:  Undefined array key "category" in C:\xampp\htdocs\salem-dominion-ministries\ministries.php on line 174
[02-Apr-2026 10:45:22 UTC] PHP Warning:  Undefined array key "category" in C:\xampp\htdocs\salem-dominion-ministries\ministries.php on line 175
[02-Apr-2026 10:45:22 UTC] PHP Warning:  Undefined array key "category" in C:\xampp\htdocs\salem-dominion-ministries\ministries.php on line 174
[02-Apr-2026 10:45:22 UTC] PHP Warning:  Undefined array key "category" in C:\xampp\htdocs\salem-dominion-ministries\ministries.php on line 175
[02-Apr-2026 10:45:22 UTC] PHP Warning:  Undefined array key "category" in C:\xampp\htdocs\salem-dominion-ministries\ministries.php on line 174
[02-Apr-2026 10:45:22 UTC] PHP Warning:  Undefined array key "category" in C:\xampp\htdocs\salem-dominion-ministries\ministries.php on line 175
[02-Apr-2026 10:45:27 UTC] PHP Warning:  ini_set(): Session ini settings cannot be changed when a session is active in C:\xampp\htdocs\salem-dominion-ministries\config.php on line 159
[02-Apr-2026 10:45:27 UTC] PHP Warning:  ini_set(): Session ini settings cannot be changed when a session is active in C:\xampp\htdocs\salem-dominion-ministries\config.php on line 160
[02-Apr-2026 10:45:27 UTC] PHP Warning:  ini_set(): Session ini settings cannot be changed when a session is active in C:\xampp\htdocs\salem-dominion-ministries\config.php on line 161
[02-Apr-2026 10:45:27 UTC] PHP Warning:  ini_set(): Session ini settings cannot be changed when a session is active in C:\xampp\htdocs\salem-dominion-ministries\config.php on line 162
[02-Apr-2026 10:45:27 UTC] Environment Info: {"environment":"development","debug_mode":true,"database_host":"localhost","database_name":"salem_dominion_ministries","database_user":"root","app_url":"http:\/\/localhost\/salem-dominion-ministries","mail_enabled":false,"server_name":"localhost","http_host":"localhost","document_root":"C:\/xampp\/htdocs"}
[02-Apr-2026 10:45:27 UTC] PHP Warning:  Undefined array key "category" in C:\xampp\htdocs\salem-dominion-ministries\ministries.php on line 174
[02-Apr-2026 10:45:27 UTC] PHP Warning:  Undefined array key "category" in C:\xampp\htdocs\salem-dominion-ministries\ministries.php on line 175
[02-Apr-2026 10:45:27 UTC] PHP Warning:  Undefined array key "category" in C:\xampp\htdocs\salem-dominion-ministries\ministries.php on line 174
[02-Apr-2026 10:45:27 UTC] PHP Warning:  Undefined array key "category" in C:\xampp\htdocs\salem-dominion-ministries\ministries.php on line 175
[02-Apr-2026 10:45:27 UTC] PHP Warning:  Undefined array key "category" in C:\xampp\htdocs\salem-dominion-ministries\ministries.php on line 174
[02-Apr-2026 10:45:27 UTC] PHP Warning:  Undefined array key "category" in C:\xampp\htdocs\salem-dominion-ministries\ministries.php on line 175
[02-Apr-2026 10:45:27 UTC] PHP Warning:  Undefined array key "category" in C:\xampp\htdocs\salem-dominion-ministries\ministries.php on line 174
[02-Apr-2026 10:45:27 UTC] PHP Warning:  Undefined array key "category" in C:\xampp\htdocs\salem-dominion-ministries\ministries.php on line 175
[02-Apr-2026 10:45:27 UTC] PHP Warning:  Undefined array key "category" in C:\xampp\htdocs\salem-dominion-ministries\ministries.php on line 174
[02-Apr-2026 10:45:27 UTC] PHP Warning:  Undefined array key "category" in C:\xampp\htdocs\salem-dominion-ministries\ministries.php on line 175
[02-Apr-2026 10:45:30 UTC] PHP Warning:  ini_set(): Session ini settings cannot be changed when a session is active in C:\xampp\htdocs\salem-dominion-ministries\config.php on line 159
[02-Apr-2026 10:45:30 UTC] PHP Warning:  ini_set(): Session ini settings cannot be changed when a session is active in C:\xampp\htdocs\salem-dominion-ministries\config.php on line 160
[02-Apr-2026 10:45:30 UTC] PHP Warning:  ini_set(): Session ini settings cannot be changed when a session is active in C:\xampp\htdocs\salem-dominion-ministries\config.php on line 161
[02-Apr-2026 10:45:30 UTC] PHP Warning:  ini_set(): Session ini settings cannot be changed when a session is active in C:\xampp\htdocs\salem-dominion-ministries\config.php on line 162
[02-Apr-2026 10:45:30 UTC] Environment Info: {"environment":"development","debug_mode":true,"database_host":"localhost","database_name":"salem_dominion_ministries","database_user":"root","app_url":"http:\/\/localhost\/salem-dominion-ministries","mail_enabled":false,"server_name":"localhost","http_host":"localhost","document_root":"C:\/xampp\/htdocs"}
[02-Apr-2026 10:45:30 UTC] PHP Warning:  Undefined array key "category" in C:\xampp\htdocs\salem-dominion-ministries\ministries.php on line 174
[02-Apr-2026 10:45:30 UTC] PHP Warning:  Undefined array key "category" in C:\xampp\htdocs\salem-dominion-ministries\ministries.php on line 175
[02-Apr-2026 10:45:30 UTC] PHP Warning:  Undefined array key "category" in C:\xampp\htdocs\salem-dominion-ministries\ministries.php on line 174
[02-Apr-2026 10:45:30 UTC] PHP Warning:  Undefined array key "category" in C:\xampp\htdocs\salem-dominion-ministries\ministries.php on line 175
[02-Apr-2026 10:45:30 UTC] PHP Warning:  Undefined array key "category" in C:\xampp\htdocs\salem-dominion-ministries\ministries.php on line 174
[02-Apr-2026 10:45:30 UTC] PHP Warning:  Undefined array key "category" in C:\xampp\htdocs\salem-dominion-ministries\ministries.php on line 175
[02-Apr-2026 10:45:30 UTC] PHP Warning:  Undefined array key "category" in C:\xampp\htdocs\salem-dominion-ministries\ministries.php on line 174
[02-Apr-2026 10:45:30 UTC] PHP Warning:  Undefined array key "category" in C:\xampp\htdocs\salem-dominion-ministries\ministries.php on line 175
[02-Apr-2026 10:45:30 UTC] PHP Warning:  Undefined array key "category" in C:\xampp\htdocs\salem-dominion-ministries\ministries.php on line 174
[02-Apr-2026 10:45:30 UTC] PHP Warning:  Undefined array key "category" in C:\xampp\htdocs\salem-dominion-ministries\ministries.php on line 175
[02-Apr-2026 10:45:32 UTC] PHP Warning:  ini_set(): Session ini settings cannot be changed when a session is active in C:\xampp\htdocs\salem-dominion-ministries\config.php on line 159
[02-Apr-2026 10:45:32 UTC] PHP Warning:  ini_set(): Session ini settings cannot be changed when a session is active in C:\xampp\htdocs\salem-dominion-ministries\config.php on line 160
[02-Apr-2026 10:45:32 UTC] PHP Warning:  ini_set(): Session ini settings cannot be changed when a session is active in C:\xampp\htdocs\salem-dominion-ministries\config.php on line 161
[02-Apr-2026 10:45:32 UTC] PHP Warning:  ini_set(): Session ini settings cannot be changed when a session is active in C:\xampp\htdocs\salem-dominion-ministries\config.php on line 162
[02-Apr-2026 10:45:32 UTC] Environment Info: {"environment":"development","debug_mode":true,"database_host":"localhost","database_name":"salem_dominion_ministries","database_user":"root","app_url":"http:\/\/localhost\/salem-dominion-ministries","mail_enabled":false,"server_name":"localhost","http_host":"localhost","document_root":"C:\/xampp\/htdocs"}
[02-Apr-2026 10:45:34 UTC] PHP Warning:  ini_set(): Session ini settings cannot be changed when a session is active in C:\xampp\htdocs\salem-dominion-ministries\config.php on line 159
[02-Apr-2026 10:45:34 UTC] PHP Warning:  ini_set(): Session ini settings cannot be changed when a session is active in C:\xampp\htdocs\salem-dominion-ministries\config.php on line 160
[02-Apr-2026 10:45:34 UTC] PHP Warning:  ini_set(): Session ini settings cannot be changed when a session is active in C:\xampp\htdocs\salem-dominion-ministries\config.php on line 161
[02-Apr-2026 10:45:34 UTC] PHP Warning:  ini_set(): Session ini settings cannot be changed when a session is active in C:\xampp\htdocs\salem-dominion-ministries\config.php on line 162
[02-Apr-2026 10:45:34 UTC] Environment Info: {"environment":"development","debug_mode":true,"database_host":"localhost","database_name":"salem_dominion_ministries","database_user":"root","app_url":"http:\/\/localhost\/salem-dominion-ministries","mail_enabled":false,"server_name":"localhost","http_host":"localhost","document_root":"C:\/xampp\/htdocs"}
[02-Apr-2026 10:45:42 UTC] PHP Warning:  ini_set(): Session ini settings cannot be changed when a session is active in C:\xampp\htdocs\salem-dominion-ministries\config.php on line 159
[02-Apr-2026 10:45:42 UTC] PHP Warning:  ini_set(): Session ini settings cannot be changed when a session is active in C:\xampp\htdocs\salem-dominion-ministries\config.php on line 160
[02-Apr-2026 10:45:42 UTC] PHP Warning:  ini_set(): Session ini settings cannot be changed when a session is active in C:\xampp\htdocs\salem-dominion-ministries\config.php on line 161
[02-Apr-2026 10:45:42 UTC] PHP Warning:  ini_set(): Session ini settings cannot be changed when a session is active in C:\xampp\htdocs\salem-dominion-ministries\config.php on line 162
[02-Apr-2026 10:45:42 UTC] Environment Info: {"environment":"development","debug_mode":true,"database_host":"localhost","database_name":"salem_dominion_ministries","database_user":"root","app_url":"http:\/\/localhost\/salem-dominion-ministries","mail_enabled":false,"server_name":"localhost","http_host":"localhost","document_root":"C:\/xampp\/htdocs"}
[02-Apr-2026 10:45:42 UTC] PHP Warning:  ini_set(): Session ini settings cannot be changed when a session is active in C:\xampp\htdocs\salem-dominion-ministries\config.php on line 159
[02-Apr-2026 10:45:42 UTC] PHP Warning:  ini_set(): Session ini settings cannot be changed when a session is active in C:\xampp\htdocs\salem-dominion-ministries\config.php on line 160
[02-Apr-2026 10:45:42 UTC] PHP Warning:  ini_set(): Session ini settings cannot be changed when a session is active in C:\xampp\htdocs\salem-dominion-ministries\config.php on line 161
[02-Apr-2026 10:45:42 UTC] PHP Warning:  ini_set(): Session ini settings cannot be changed when a session is active in C:\xampp\htdocs\salem-dominion-ministries\config.php on line 162
[02-Apr-2026 10:45:42 UTC] Environment Info: {"environment":"development","debug_mode":true,"database_host":"localhost","database_name":"salem_dominion_ministries","database_user":"root","app_url":"http:\/\/localhost\/salem-dominion-ministries","mail_enabled":false,"server_name":"localhost","http_host":"localhost","document_root":"C:\/xampp\/htdocs"}
[02-Apr-2026 10:46:20 UTC] PHP Warning:  ini_set(): Session ini settings cannot be changed when a session is active in C:\xampp\htdocs\salem-dominion-ministries\config.php on line 159
[02-Apr-2026 10:46:20 UTC] PHP Warning:  ini_set(): Session ini settings cannot be changed when a session is active in C:\xampp\htdocs\salem-dominion-ministries\config.php on line 160
[02-Apr-2026 10:46:20 UTC] PHP Warning:  ini_set(): Session ini settings cannot be changed when a session is active in C:\xampp\htdocs\salem-dominion-ministries\config.php on line 161
[02-Apr-2026 10:46:20 UTC] PHP Warning:  ini_set(): Session ini settings cannot be changed when a session is active in C:\xampp\htdocs\salem-dominion-ministries\config.php on line 162
[02-Apr-2026 10:46:20 UTC] Environment Info: {"environment":"development","debug_mode":true,"database_host":"localhost","database_name":"salem_dominion_ministries","database_user":"root","app_url":"http:\/\/localhost\/salem-dominion-ministries","mail_enabled":false,"server_name":"localhost","http_host":"localhost","document_root":"C:\/xampp\/htdocs"}
[02-Apr-2026 10:46:20 UTC] PHP Warning:  ini_set(): Session ini settings cannot be changed when a session is active in C:\xampp\htdocs\salem-dominion-ministries\config.php on line 159
[02-Apr-2026 10:46:20 UTC] PHP Warning:  ini_set(): Session ini settings cannot be changed when a session is active in C:\xampp\htdocs\salem-dominion-ministries\config.php on line 160
[02-Apr-2026 10:46:20 UTC] PHP Warning:  ini_set(): Session ini settings cannot be changed when a session is active in C:\xampp\htdocs\salem-dominion-ministries\config.php on line 161
[02-Apr-2026 10:46:20 UTC] PHP Warning:  ini_set(): Session ini settings cannot be changed when a session is active in C:\xampp\htdocs\salem-dominion-ministries\config.php on line 162
[02-Apr-2026 10:46:20 UTC] Environment Info: {"environment":"development","debug_mode":true,"database_host":"localhost","database_name":"salem_dominion_ministries","database_user":"root","app_url":"http:\/\/localhost\/salem-dominion-ministries","mail_enabled":false,"server_name":"localhost","http_host":"localhost","document_root":"C:\/xampp\/htdocs"}
[02-Apr-2026 10:58:38 UTC] PHP Warning:  ini_set(): Session ini settings cannot be changed when a session is active in C:\xampp\htdocs\salem-dominion-ministries\config.php on line 159
[02-Apr-2026 10:58:38 UTC] PHP Warning:  ini_set(): Session ini settings cannot be changed when a session is active in C:\xampp\htdocs\salem-dominion-ministries\config.php on line 160
[02-Apr-2026 10:58:38 UTC] PHP Warning:  ini_set(): Session ini settings cannot be changed when a session is active in C:\xampp\htdocs\salem-dominion-ministries\config.php on line 161
[02-Apr-2026 10:58:38 UTC] PHP Warning:  ini_set(): Session ini settings cannot be changed when a session is active in C:\xampp\htdocs\salem-dominion-ministries\config.php on line 162
[02-Apr-2026 10:58:38 UTC] Environment Info: {"environment":"development","debug_mode":true,"database_host":"localhost","database_name":"salem_dominion_ministries","database_user":"root","app_url":"http:\/\/localhost\/salem-dominion-ministries","mail_enabled":false,"server_name":"localhost","http_host":"localhost","document_root":"C:\/xampp\/htdocs"}
[02-Apr-2026 10:58:38 UTC] PHP Warning:  ini_set(): Session ini settings cannot be changed when a session is active in C:\xampp\htdocs\salem-dominion-ministries\config.php on line 159
[02-Apr-2026 10:58:38 UTC] PHP Warning:  ini_set(): Session ini settings cannot be changed when a session is active in C:\xampp\htdocs\salem-dominion-ministries\config.php on line 160
[02-Apr-2026 10:58:38 UTC] PHP Warning:  ini_set(): Session ini settings cannot be changed when a session is active in C:\xampp\htdocs\salem-dominion-ministries\config.php on line 161
[02-Apr-2026 10:58:38 UTC] PHP Warning:  ini_set(): Session ini settings cannot be changed when a session is active in C:\xampp\htdocs\salem-dominion-ministries\config.php on line 162
[02-Apr-2026 10:58:38 UTC] Environment Info: {"environment":"development","debug_mode":true,"database_host":"localhost","database_name":"salem_dominion_ministries","database_user":"root","app_url":"http:\/\/localhost\/salem-dominion-ministries","mail_enabled":false,"server_name":"localhost","http_host":"localhost","document_root":"C:\/xampp\/htdocs"}
[02-Apr-2026 11:00:09 UTC] Environment Info: {"environment":"development","debug_mode":true,"database_host":"localhost","database_name":"salem_dominion_ministries","database_user":"root","app_url":"http:\/\/localhost\/salem-dominion-ministries","mail_enabled":false,"server_name":"localhost","http_host":"localhost","document_root":"C:\/xampp\/htdocs"}
[02-Apr-2026 11:00:09 UTC] Environment Info: {"environment":"development","debug_mode":true,"database_host":"localhost","database_name":"salem_dominion_ministries","database_user":"root","app_url":"http:\/\/localhost\/salem-dominion-ministries","mail_enabled":false,"server_name":"localhost","http_host":"localhost","document_root":"C:\/xampp\/htdocs"}
[02-Apr-2026 11:00:09 UTC] Database Connection Test: SUCCESS
[02-Apr-2026 11:00:10 UTC] Environment Info: {"environment":"development","debug_mode":true,"database_host":"localhost","database_name":"salem_dominion_ministries","database_user":"root","app_url":"http:\/\/localhost\/salem-dominion-ministries","mail_enabled":false,"server_name":"localhost","http_host":"localhost","document_root":"C:\/xampp\/htdocs"}
[02-Apr-2026 11:00:10 UTC] Environment Info: {"environment":"development","debug_mode":true,"database_host":"localhost","database_name":"salem_dominion_ministries","database_user":"root","app_url":"http:\/\/localhost\/salem-dominion-ministries","mail_enabled":false,"server_name":"localhost","http_host":"localhost","document_root":"C:\/xampp\/htdocs"}
[02-Apr-2026 11:00:10 UTC] Database Connection Test: SUCCESS
[02-Apr-2026 11:00:36 UTC] Environment Info: {"environment":"development","debug_mode":true,"database_host":"localhost","database_name":"salem_dominion_ministries","database_user":"root","app_url":"http:\/\/localhost\/salem-dominion-ministries","mail_enabled":false,"server_name":"localhost","http_host":"localhost","document_root":"C:\/xampp\/htdocs"}
[02-Apr-2026 11:00:36 UTC] PHP Warning:  Undefined array key "category" in C:\xampp\htdocs\salem-dominion-ministries\ministries.php on line 174
[02-Apr-2026 11:00:36 UTC] PHP Warning:  Undefined array key "category" in C:\xampp\htdocs\salem-dominion-ministries\ministries.php on line 175
[02-Apr-2026 11:00:36 UTC] PHP Warning:  Undefined array key "category" in C:\xampp\htdocs\salem-dominion-ministries\ministries.php on line 174
[02-Apr-2026 11:00:36 UTC] PHP Warning:  Undefined array key "category" in C:\xampp\htdocs\salem-dominion-ministries\ministries.php on line 175
[02-Apr-2026 11:00:36 UTC] PHP Warning:  Undefined array key "category" in C:\xampp\htdocs\salem-dominion-ministries\ministries.php on line 174
[02-Apr-2026 11:00:36 UTC] PHP Warning:  Undefined array key "category" in C:\xampp\htdocs\salem-dominion-ministries\ministries.php on line 175
[02-Apr-2026 11:00:36 UTC] PHP Warning:  Undefined array key "category" in C:\xampp\htdocs\salem-dominion-ministries\ministries.php on line 174
[02-Apr-2026 11:00:36 UTC] PHP Warning:  Undefined array key "category" in C:\xampp\htdocs\salem-dominion-ministries\ministries.php on line 175
[02-Apr-2026 11:00:36 UTC] PHP Warning:  Undefined array key "category" in C:\xampp\htdocs\salem-dominion-ministries\ministries.php on line 174
[02-Apr-2026 11:00:36 UTC] PHP Warning:  Undefined array key "category" in C:\xampp\htdocs\salem-dominion-ministries\ministries.php on line 175
[02-Apr-2026 11:10:35 UTC] Environment Info: {"environment":"development","debug_mode":true,"database_host":"localhost","database_name":"salem_dominion_ministries","database_user":"root","app_url":"http:\/\/localhost\/salem-dominion-ministries","mail_enabled":false,"server_name":"localhost","http_host":"localhost","document_root":"C:\/xampp\/htdocs"}
[02-Apr-2026 11:10:35 UTC] PHP Warning:  Undefined array key "category" in C:\xampp\htdocs\salem-dominion-ministries\ministries.php on line 174
[02-Apr-2026 11:10:35 UTC] PHP Warning:  Undefined array key "category" in C:\xampp\htdocs\salem-dominion-ministries\ministries.php on line 175
[02-Apr-2026 11:10:35 UTC] PHP Warning:  Undefined array key "category" in C:\xampp\htdocs\salem-dominion-ministries\ministries.php on line 174
[02-Apr-2026 11:10:35 UTC] PHP Warning:  Undefined array key "category" in C:\xampp\htdocs\salem-dominion-ministries\ministries.php on line 175
[02-Apr-2026 11:10:35 UTC] PHP Warning:  Undefined array key "category" in C:\xampp\htdocs\salem-dominion-ministries\ministries.php on line 174
[02-Apr-2026 11:10:35 UTC] PHP Warning:  Undefined array key "category" in C:\xampp\htdocs\salem-dominion-ministries\ministries.php on line 175
[02-Apr-2026 11:10:35 UTC] PHP Warning:  Undefined array key "category" in C:\xampp\htdocs\salem-dominion-ministries\ministries.php on line 174
[02-Apr-2026 11:10:35 UTC] PHP Warning:  Undefined array key "category" in C:\xampp\htdocs\salem-dominion-ministries\ministries.php on line 175
[02-Apr-2026 11:10:35 UTC] PHP Warning:  Undefined array key "category" in C:\xampp\htdocs\salem-dominion-ministries\ministries.php on line 174
[02-Apr-2026 11:10:35 UTC] PHP Warning:  Undefined array key "category" in C:\xampp\htdocs\salem-dominion-ministries\ministries.php on line 175
[02-Apr-2026 11:10:40 UTC] Environment Info: {"environment":"development","debug_mode":true,"database_host":"localhost","database_name":"salem_dominion_ministries","database_user":"root","app_url":"http:\/\/localhost\/salem-dominion-ministries","mail_enabled":false,"server_name":"localhost","http_host":"localhost","document_root":"C:\/xampp\/htdocs"}
[02-Apr-2026 11:10:40 UTC] PHP Warning:  Undefined array key "category" in C:\xampp\htdocs\salem-dominion-ministries\ministries.php on line 174
[02-Apr-2026 11:10:40 UTC] PHP Warning:  Undefined array key "category" in C:\xampp\htdocs\salem-dominion-ministries\ministries.php on line 175
[02-Apr-2026 11:10:40 UTC] PHP Warning:  Undefined array key "category" in C:\xampp\htdocs\salem-dominion-ministries\ministries.php on line 174
[02-Apr-2026 11:10:40 UTC] PHP Warning:  Undefined array key "category" in C:\xampp\htdocs\salem-dominion-ministries\ministries.php on line 175
[02-Apr-2026 11:10:40 UTC] PHP Warning:  Undefined array key "category" in C:\xampp\htdocs\salem-dominion-ministries\ministries.php on line 174
[02-Apr-2026 11:10:40 UTC] PHP Warning:  Undefined array key "category" in C:\xampp\htdocs\salem-dominion-ministries\ministries.php on line 175
[02-Apr-2026 11:10:40 UTC] PHP Warning:  Undefined array key "category" in C:\xampp\htdocs\salem-dominion-ministries\ministries.php on line 174
[02-Apr-2026 11:10:40 UTC] PHP Warning:  Undefined array key "category" in C:\xampp\htdocs\salem-dominion-ministries\ministries.php on line 175
[02-Apr-2026 11:10:40 UTC] PHP Warning:  Undefined array key "category" in C:\xampp\htdocs\salem-dominion-ministries\ministries.php on line 174
[02-Apr-2026 11:10:40 UTC] PHP Warning:  Undefined array key "category" in C:\xampp\htdocs\salem-dominion-ministries\ministries.php on line 175
[02-Apr-2026 11:10:45 UTC] Environment Info: {"environment":"development","debug_mode":true,"database_host":"localhost","database_name":"salem_dominion_ministries","database_user":"root","app_url":"http:\/\/localhost\/salem-dominion-ministries","mail_enabled":false,"server_name":"localhost","http_host":"localhost","document_root":"C:\/xampp\/htdocs"}
[02-Apr-2026 11:10:45 UTC] Environment Info: {"environment":"development","debug_mode":true,"database_host":"localhost","database_name":"salem_dominion_ministries","database_user":"root","app_url":"http:\/\/localhost\/salem-dominion-ministries","mail_enabled":false,"server_name":"localhost","http_host":"localhost","document_root":"C:\/xampp\/htdocs"}
[02-Apr-2026 11:10:45 UTC] Database Connection Test: SUCCESS
[02-Apr-2026 11:10:47 UTC] Environment Info: {"environment":"development","debug_mode":true,"database_host":"localhost","database_name":"salem_dominion_ministries","database_user":"root","app_url":"http:\/\/localhost\/salem-dominion-ministries","mail_enabled":false,"server_name":"localhost","http_host":"localhost","document_root":"C:\/xampp\/htdocs"}
[02-Apr-2026 11:10:48 UTC] Environment Info: {"environment":"development","debug_mode":true,"database_host":"localhost","database_name":"salem_dominion_ministries","database_user":"root","app_url":"http:\/\/localhost\/salem-dominion-ministries","mail_enabled":false,"server_name":"localhost","http_host":"localhost","document_root":"C:\/xampp\/htdocs"}
[02-Apr-2026 11:10:48 UTC] Database Connection Test: SUCCESS
[02-Apr-2026 11:25:15 UTC] Environment Info: {"environment":"development","debug_mode":true,"database_host":"localhost","database_name":"salem_dominion_ministries","database_user":"root","app_url":"http:\/\/localhost\/salem-dominion-ministries","mail_enabled":false,"server_name":"localhost","http_host":"localhost","document_root":"C:\/xampp\/htdocs"}
[02-Apr-2026 11:25:15 UTC] Environment Info: {"environment":"development","debug_mode":true,"database_host":"localhost","database_name":"salem_dominion_ministries","database_user":"root","app_url":"http:\/\/localhost\/salem-dominion-ministries","mail_enabled":false,"server_name":"localhost","http_host":"localhost","document_root":"C:\/xampp\/htdocs"}
[02-Apr-2026 11:25:15 UTC] Database Connection Test: SUCCESS
[02-Apr-2026 11:25:15 UTC] Environment Info: {"environment":"development","debug_mode":true,"database_host":"localhost","database_name":"salem_dominion_ministries","database_user":"root","app_url":"http:\/\/localhost\/salem-dominion-ministries","mail_enabled":false,"server_name":"localhost","http_host":"localhost","document_root":"C:\/xampp\/htdocs"}
[02-Apr-2026 11:25:17 UTC] Environment Info: {"environment":"development","debug_mode":true,"database_host":"localhost","database_name":"salem_dominion_ministries","database_user":"root","app_url":"http:\/\/localhost\/salem-dominion-ministries","mail_enabled":false,"server_name":"localhost","http_host":"localhost","document_root":"C:\/xampp\/htdocs"}
[02-Apr-2026 11:25:17 UTC] Database Connection Test: SUCCESS
[02-Apr-2026 11:25:35 UTC] Environment Info: {"environment":"development","debug_mode":true,"database_host":"localhost","database_name":"salem_dominion_ministries","database_user":"root","app_url":"http:\/\/localhost\/salem-dominion-ministries","mail_enabled":false,"server_name":"localhost","http_host":"localhost","document_root":"C:\/xampp\/htdocs"}
[02-Apr-2026 11:25:35 UTC] PHP Warning:  Undefined array key "category" in C:\xampp\htdocs\salem-dominion-ministries\ministries.php on line 176
[02-Apr-2026 11:25:35 UTC] PHP Warning:  Undefined array key "category" in C:\xampp\htdocs\salem-dominion-ministries\ministries.php on line 177
[02-Apr-2026 11:25:35 UTC] PHP Warning:  Undefined array key "category" in C:\xampp\htdocs\salem-dominion-ministries\ministries.php on line 176
[02-Apr-2026 11:25:35 UTC] PHP Warning:  Undefined array key "category" in C:\xampp\htdocs\salem-dominion-ministries\ministries.php on line 177
[02-Apr-2026 11:25:35 UTC] PHP Warning:  Undefined array key "category" in C:\xampp\htdocs\salem-dominion-ministries\ministries.php on line 176
[02-Apr-2026 11:25:35 UTC] PHP Warning:  Undefined array key "category" in C:\xampp\htdocs\salem-dominion-ministries\ministries.php on line 177
[02-Apr-2026 11:25:35 UTC] PHP Warning:  Undefined array key "category" in C:\xampp\htdocs\salem-dominion-ministries\ministries.php on line 176
[02-Apr-2026 11:25:35 UTC] PHP Warning:  Undefined array key "category" in C:\xampp\htdocs\salem-dominion-ministries\ministries.php on line 177
[02-Apr-2026 11:25:35 UTC] PHP Warning:  Undefined array key "category" in C:\xampp\htdocs\salem-dominion-ministries\ministries.php on line 176
[02-Apr-2026 11:25:35 UTC] PHP Warning:  Undefined array key "category" in C:\xampp\htdocs\salem-dominion-ministries\ministries.php on line 177
[02-Apr-2026 11:25:40 UTC] Environment Info: {"environment":"development","debug_mode":true,"database_host":"localhost","database_name":"salem_dominion_ministries","database_user":"root","app_url":"http:\/\/localhost\/salem-dominion-ministries","mail_enabled":false,"server_name":"localhost","http_host":"localhost","document_root":"C:\/xampp\/htdocs"}
[02-Apr-2026 11:25:40 UTC] Environment Info: {"environment":"development","debug_mode":true,"database_host":"localhost","database_name":"salem_dominion_ministries","database_user":"root","app_url":"http:\/\/localhost\/salem-dominion-ministries","mail_enabled":false,"server_name":"localhost","http_host":"localhost","document_root":"C:\/xampp\/htdocs"}
[02-Apr-2026 11:25:40 UTC] Environment Info: {"environment":"development","debug_mode":true,"database_host":"localhost","database_name":"salem_dominion_ministries","database_user":"root","app_url":"http:\/\/localhost\/salem-dominion-ministries","mail_enabled":false,"server_name":"localhost","http_host":"localhost","document_root":"C:\/xampp\/htdocs"}
[02-Apr-2026 11:25:40 UTC] Database Connection Test: SUCCESS
[02-Apr-2026 11:25:40 UTC] Environment Info: {"environment":"development","debug_mode":true,"database_host":"localhost","database_name":"salem_dominion_ministries","database_user":"root","app_url":"http:\/\/localhost\/salem-dominion-ministries","mail_enabled":false,"server_name":"localhost","http_host":"localhost","document_root":"C:\/xampp\/htdocs"}
[02-Apr-2026 11:25:40 UTC] Database Connection Test: SUCCESS
[02-Apr-2026 11:25:46 UTC] Environment Info: {"environment":"development","debug_mode":true,"database_host":"localhost","database_name":"salem_dominion_ministries","database_user":"root","app_url":"http:\/\/localhost\/salem-dominion-ministries","mail_enabled":false,"server_name":"localhost","http_host":"localhost","document_root":"C:\/xampp\/htdocs"}
[02-Apr-2026 11:25:46 UTC] Environment Info: {"environment":"development","debug_mode":true,"database_host":"localhost","database_name":"salem_dominion_ministries","database_user":"root","app_url":"http:\/\/localhost\/salem-dominion-ministries","mail_enabled":false,"server_name":"localhost","http_host":"localhost","document_root":"C:\/xampp\/htdocs"}
[02-Apr-2026 11:25:46 UTC] Environment Info: {"environment":"development","debug_mode":true,"database_host":"localhost","database_name":"salem_dominion_ministries","database_user":"root","app_url":"http:\/\/localhost\/salem-dominion-ministries","mail_enabled":false,"server_name":"localhost","http_host":"localhost","document_root":"C:\/xampp\/htdocs"}
[02-Apr-2026 11:25:46 UTC] Environment Info: {"environment":"development","debug_mode":true,"database_host":"localhost","database_name":"salem_dominion_ministries","database_user":"root","app_url":"http:\/\/localhost\/salem-dominion-ministries","mail_enabled":false,"server_name":"localhost","http_host":"localhost","document_root":"C:\/xampp\/htdocs"}
[02-Apr-2026 11:25:46 UTC] Environment Info: {"environment":"development","debug_mode":true,"database_host":"localhost","database_name":"salem_dominion_ministries","database_user":"root","app_url":"http:\/\/localhost\/salem-dominion-ministries","mail_enabled":false,"server_name":"localhost","http_host":"localhost","document_root":"C:\/xampp\/htdocs"}
[02-Apr-2026 11:25:46 UTC] Environment Info: {"environment":"development","debug_mode":true,"database_host":"localhost","database_name":"salem_dominion_ministries","database_user":"root","app_url":"http:\/\/localhost\/salem-dominion-ministries","mail_enabled":false,"server_name":"localhost","http_host":"localhost","document_root":"C:\/xampp\/htdocs"}
[02-Apr-2026 11:25:46 UTC] Environment Info: {"environment":"development","debug_mode":true,"database_host":"localhost","database_name":"salem_dominion_ministries","database_user":"root","app_url":"http:\/\/localhost\/salem-dominion-ministries","mail_enabled":false,"server_name":"localhost","http_host":"localhost","document_root":"C:\/xampp\/htdocs"}
[02-Apr-2026 11:33:30 UTC] Environment Info: {"environment":"development","debug_mode":true,"database_host":"localhost","database_name":"salem_dominion_ministries","database_user":"root","app_url":"http:\/\/localhost\/salem-dominion-ministries","mail_enabled":false,"server_name":"localhost","http_host":"localhost","document_root":"C:\/xampp\/htdocs"}
[02-Apr-2026 11:33:30 UTC] Environment Info: {"environment":"development","debug_mode":true,"database_host":"localhost","database_name":"salem_dominion_ministries","database_user":"root","app_url":"http:\/\/localhost\/salem-dominion-ministries","mail_enabled":false,"server_name":"localhost","http_host":"localhost","document_root":"C:\/xampp\/htdocs"}
[02-Apr-2026 11:33:31 UTC] Environment Info: {"environment":"development","debug_mode":true,"database_host":"localhost","database_name":"salem_dominion_ministries","database_user":"root","app_url":"http:\/\/localhost\/salem-dominion-ministries","mail_enabled":false,"server_name":"localhost","http_host":"localhost","document_root":"C:\/xampp\/htdocs"}
[02-Apr-2026 11:33:31 UTC] Environment Info: {"environment":"development","debug_mode":true,"database_host":"localhost","database_name":"salem_dominion_ministries","database_user":"root","app_url":"http:\/\/localhost\/salem-dominion-ministries","mail_enabled":false,"server_name":"localhost","http_host":"localhost","document_root":"C:\/xampp\/htdocs"}
[02-Apr-2026 11:33:31 UTC] Environment Info: {"environment":"development","debug_mode":true,"database_host":"localhost","database_name":"salem_dominion_ministries","database_user":"root","app_url":"http:\/\/localhost\/salem-dominion-ministries","mail_enabled":false,"server_name":"localhost","http_host":"localhost","document_root":"C:\/xampp\/htdocs"}
[02-Apr-2026 11:33:31 UTC] Environment Info: {"environment":"development","debug_mode":true,"database_host":"localhost","database_name":"salem_dominion_ministries","database_user":"root","app_url":"http:\/\/localhost\/salem-dominion-ministries","mail_enabled":false,"server_name":"localhost","http_host":"localhost","document_root":"C:\/xampp\/htdocs"}
[02-Apr-2026 11:33:31 UTC] Environment Info: {"environment":"development","debug_mode":true,"database_host":"localhost","database_name":"salem_dominion_ministries","database_user":"root","app_url":"http:\/\/localhost\/salem-dominion-ministries","mail_enabled":false,"server_name":"localhost","http_host":"localhost","document_root":"C:\/xampp\/htdocs"}
[02-Apr-2026 11:33:40 UTC] Environment Info: {"environment":"development","debug_mode":true,"database_host":"localhost","database_name":"salem_dominion_ministries","database_user":"root","app_url":"http:\/\/localhost\/salem-dominion-ministries","mail_enabled":false,"server_name":"localhost","http_host":"localhost","document_root":"C:\/xampp\/htdocs"}
[02-Apr-2026 11:33:40 UTC] Environment Info: {"environment":"development","debug_mode":true,"database_host":"localhost","database_name":"salem_dominion_ministries","database_user":"root","app_url":"http:\/\/localhost\/salem-dominion-ministries","mail_enabled":false,"server_name":"localhost","http_host":"localhost","document_root":"C:\/xampp\/htdocs"}
[02-Apr-2026 11:33:40 UTC] Environment Info: {"environment":"development","debug_mode":true,"database_host":"localhost","database_name":"salem_dominion_ministries","database_user":"root","app_url":"http:\/\/localhost\/salem-dominion-ministries","mail_enabled":false,"server_name":"localhost","http_host":"localhost","document_root":"C:\/xampp\/htdocs"}
[02-Apr-2026 11:33:40 UTC] Database Connection Test: SUCCESS
[02-Apr-2026 11:33:40 UTC] Environment Info: {"environment":"development","debug_mode":true,"database_host":"localhost","database_name":"salem_dominion_ministries","database_user":"root","app_url":"http:\/\/localhost\/salem-dominion-ministries","mail_enabled":false,"server_name":"localhost","http_host":"localhost","document_root":"C:\/xampp\/htdocs"}
[02-Apr-2026 11:33:41 UTC] Environment Info: {"environment":"development","debug_mode":true,"database_host":"localhost","database_name":"salem_dominion_ministries","database_user":"root","app_url":"http:\/\/localhost\/salem-dominion-ministries","mail_enabled":false,"server_name":"localhost","http_host":"localhost","document_root":"C:\/xampp\/htdocs"}
[02-Apr-2026 11:33:41 UTC] Environment Info: {"environment":"development","debug_mode":true,"database_host":"localhost","database_name":"salem_dominion_ministries","database_user":"root","app_url":"http:\/\/localhost\/salem-dominion-ministries","mail_enabled":false,"server_name":"localhost","http_host":"localhost","document_root":"C:\/xampp\/htdocs"}
[02-Apr-2026 11:33:41 UTC] Environment Info: {"environment":"development","debug_mode":true,"database_host":"localhost","database_name":"salem_dominion_ministries","database_user":"root","app_url":"http:\/\/localhost\/salem-dominion-ministries","mail_enabled":false,"server_name":"localhost","http_host":"localhost","document_root":"C:\/xampp\/htdocs"}
[02-Apr-2026 11:33:41 UTC] Environment Info: {"environment":"development","debug_mode":true,"database_host":"localhost","database_name":"salem_dominion_ministries","database_user":"root","app_url":"http:\/\/localhost\/salem-dominion-ministries","mail_enabled":false,"server_name":"localhost","http_host":"localhost","document_root":"C:\/xampp\/htdocs"}
[02-Apr-2026 11:33:41 UTC] Environment Info: {"environment":"development","debug_mode":true,"database_host":"localhost","database_name":"salem_dominion_ministries","database_user":"root","app_url":"http:\/\/localhost\/salem-dominion-ministries","mail_enabled":false,"server_name":"localhost","http_host":"localhost","document_root":"C:\/xampp\/htdocs"}
[02-Apr-2026 11:33:41 UTC] Environment Info: {"environment":"development","debug_mode":true,"database_host":"localhost","database_name":"salem_dominion_ministries","database_user":"root","app_url":"http:\/\/localhost\/salem-dominion-ministries","mail_enabled":false,"server_name":"localhost","http_host":"localhost","document_root":"C:\/xampp\/htdocs"}
[02-Apr-2026 11:33:41 UTC] Environment Info: {"environment":"development","debug_mode":true,"database_host":"localhost","database_name":"salem_dominion_ministries","database_user":"root","app_url":"http:\/\/localhost\/salem-dominion-ministries","mail_enabled":false,"server_name":"localhost","http_host":"localhost","document_root":"C:\/xampp\/htdocs"}
[02-Apr-2026 11:33:41 UTC] Database Connection Test: SUCCESS
[02-Apr-2026 11:33:41 UTC] Environment Info: {"environment":"development","debug_mode":true,"database_host":"localhost","database_name":"salem_dominion_ministries","database_user":"root","app_url":"http:\/\/localhost\/salem-dominion-ministries","mail_enabled":false,"server_name":"localhost","http_host":"localhost","document_root":"C:\/xampp\/htdocs"}
[02-Apr-2026 11:33:41 UTC] Environment Info: {"environment":"development","debug_mode":true,"database_host":"localhost","database_name":"salem_dominion_ministries","database_user":"root","app_url":"http:\/\/localhost\/salem-dominion-ministries","mail_enabled":false,"server_name":"localhost","http_host":"localhost","document_root":"C:\/xampp\/htdocs"}
[02-Apr-2026 11:33:41 UTC] Environment Info: {"environment":"development","debug_mode":true,"database_host":"localhost","database_name":"salem_dominion_ministries","database_user":"root","app_url":"http:\/\/localhost\/salem-dominion-ministries","mail_enabled":false,"server_name":"localhost","http_host":"localhost","document_root":"C:\/xampp\/htdocs"}
[02-Apr-2026 11:33:52 UTC] Environment Info: {"environment":"development","debug_mode":true,"database_host":"localhost","database_name":"salem_dominion_ministries","database_user":"root","app_url":"http:\/\/localhost\/salem-dominion-ministries","mail_enabled":false,"server_name":"localhost","http_host":"localhost","document_root":"C:\/xampp\/htdocs"}
[02-Apr-2026 11:33:52 UTC] Environment Info: {"environment":"development","debug_mode":true,"database_host":"localhost","database_name":"salem_dominion_ministries","database_user":"root","app_url":"http:\/\/localhost\/salem-dominion-ministries","mail_enabled":false,"server_name":"localhost","http_host":"localhost","document_root":"C:\/xampp\/htdocs"}
[02-Apr-2026 11:33:52 UTC] Environment Info: {"environment":"development","debug_mode":true,"database_host":"localhost","database_name":"salem_dominion_ministries","database_user":"root","app_url":"http:\/\/localhost\/salem-dominion-ministries","mail_enabled":false,"server_name":"localhost","http_host":"localhost","document_root":"C:\/xampp\/htdocs"}
[02-Apr-2026 11:33:52 UTC] Database Connection Test: SUCCESS
[02-Apr-2026 11:33:52 UTC] Environment Info: {"environment":"development","debug_mode":true,"database_host":"localhost","database_name":"salem_dominion_ministries","database_user":"root","app_url":"http:\/\/localhost\/salem-dominion-ministries","mail_enabled":false,"server_name":"localhost","http_host":"localhost","document_root":"C:\/xampp\/htdocs"}
[02-Apr-2026 11:33:52 UTC] Environment Info: {"environment":"development","debug_mode":true,"database_host":"localhost","database_name":"salem_dominion_ministries","database_user":"root","app_url":"http:\/\/localhost\/salem-dominion-ministries","mail_enabled":false,"server_name":"localhost","http_host":"localhost","document_root":"C:\/xampp\/htdocs"}
[02-Apr-2026 11:33:52 UTC] Environment Info: {"environment":"development","debug_mode":true,"database_host":"localhost","database_name":"salem_dominion_ministries","database_user":"root","app_url":"http:\/\/localhost\/salem-dominion-ministries","mail_enabled":false,"server_name":"localhost","http_host":"localhost","document_root":"C:\/xampp\/htdocs"}
[02-Apr-2026 11:33:52 UTC] Environment Info: {"environment":"development","debug_mode":true,"database_host":"localhost","database_name":"salem_dominion_ministries","database_user":"root","app_url":"http:\/\/localhost\/salem-dominion-ministries","mail_enabled":false,"server_name":"localhost","http_host":"localhost","document_root":"C:\/xampp\/htdocs"}
[02-Apr-2026 11:33:52 UTC] Environment Info: {"environment":"development","debug_mode":true,"database_host":"localhost","database_name":"salem_dominion_ministries","database_user":"root","app_url":"http:\/\/localhost\/salem-dominion-ministries","mail_enabled":false,"server_name":"localhost","http_host":"localhost","document_root":"C:\/xampp\/htdocs"}
[02-Apr-2026 11:33:52 UTC] Environment Info: {"environment":"development","debug_mode":true,"database_host":"localhost","database_name":"salem_dominion_ministries","database_user":"root","app_url":"http:\/\/localhost\/salem-dominion-ministries","mail_enabled":false,"server_name":"localhost","http_host":"localhost","document_root":"C:\/xampp\/htdocs"}
[02-Apr-2026 11:33:52 UTC] Environment Info: {"environment":"development","debug_mode":true,"database_host":"localhost","database_name":"salem_dominion_ministries","database_user":"root","app_url":"http:\/\/localhost\/salem-dominion-ministries","mail_enabled":false,"server_name":"localhost","http_host":"localhost","document_root":"C:\/xampp\/htdocs"}
[02-Apr-2026 11:33:52 UTC] Environment Info: {"environment":"development","debug_mode":true,"database_host":"localhost","database_name":"salem_dominion_ministries","database_user":"root","app_url":"http:\/\/localhost\/salem-dominion-ministries","mail_enabled":false,"server_name":"localhost","http_host":"localhost","document_root":"C:\/xampp\/htdocs"}
[02-Apr-2026 11:33:52 UTC] Environment Info: {"environment":"development","debug_mode":true,"database_host":"localhost","database_name":"salem_dominion_ministries","database_user":"root","app_url":"http:\/\/localhost\/salem-dominion-ministries","mail_enabled":false,"server_name":"localhost","http_host":"localhost","document_root":"C:\/xampp\/htdocs"}
[02-Apr-2026 11:33:52 UTC] Database Connection Test: SUCCESS
[02-Apr-2026 11:33:52 UTC] Environment Info: {"environment":"development","debug_mode":true,"database_host":"localhost","database_name":"salem_dominion_ministries","database_user":"root","app_url":"http:\/\/localhost\/salem-dominion-ministries","mail_enabled":false,"server_name":"localhost","http_host":"localhost","document_root":"C:\/xampp\/htdocs"}
[02-Apr-2026 11:33:52 UTC] Environment Info: {"environment":"development","debug_mode":true,"database_host":"localhost","database_name":"salem_dominion_ministries","database_user":"root","app_url":"http:\/\/localhost\/salem-dominion-ministries","mail_enabled":false,"server_name":"localhost","http_host":"localhost","document_root":"C:\/xampp\/htdocs"}
[02-Apr-2026 11:34:11 UTC] Environment Info: {"environment":"development","debug_mode":true,"database_host":"localhost","database_name":"salem_dominion_ministries","database_user":"root","app_url":"http:\/\/localhost\/salem-dominion-ministries","mail_enabled":false,"server_name":"localhost","http_host":"localhost","document_root":"C:\/xampp\/htdocs"}
[02-Apr-2026 11:34:11 UTC] Environment Info: {"environment":"development","debug_mode":true,"database_host":"localhost","database_name":"salem_dominion_ministries","database_user":"root","app_url":"http:\/\/localhost\/salem-dominion-ministries","mail_enabled":false,"server_name":"localhost","http_host":"localhost","document_root":"C:\/xampp\/htdocs"}
[02-Apr-2026 11:34:11 UTC] Database Connection Test: SUCCESS
[02-Apr-2026 11:36:32 UTC] Environment Info: {"environment":"development","debug_mode":true,"database_host":"localhost","database_name":"salem_dominion_ministries","database_user":"root","app_url":"http:\/\/localhost\/salem-dominion-ministries","mail_enabled":false,"server_name":"localhost","http_host":"localhost","document_root":"C:\/xampp\/htdocs"}
[02-Apr-2026 11:36:33 UTC] Environment Info: {"environment":"development","debug_mode":true,"database_host":"localhost","database_name":"salem_dominion_ministries","database_user":"root","app_url":"http:\/\/localhost\/salem-dominion-ministries","mail_enabled":false,"server_name":"localhost","http_host":"localhost","document_root":"C:\/xampp\/htdocs"}
[02-Apr-2026 11:36:33 UTC] Environment Info: {"environment":"development","debug_mode":true,"database_host":"localhost","database_name":"salem_dominion_ministries","database_user":"root","app_url":"http:\/\/localhost\/salem-dominion-ministries","mail_enabled":false,"server_name":"localhost","http_host":"localhost","document_root":"C:\/xampp\/htdocs"}
[02-Apr-2026 11:36:33 UTC] Database Connection Test: SUCCESS
[02-Apr-2026 11:36:33 UTC] Environment Info: {"environment":"development","debug_mode":true,"database_host":"localhost","database_name":"salem_dominion_ministries","database_user":"root","app_url":"http:\/\/localhost\/salem-dominion-ministries","mail_enabled":false,"server_name":"localhost","http_host":"localhost","document_root":"C:\/xampp\/htdocs"}
[02-Apr-2026 11:36:33 UTC] Environment Info: {"environment":"development","debug_mode":true,"database_host":"localhost","database_name":"salem_dominion_ministries","database_user":"root","app_url":"http:\/\/localhost\/salem-dominion-ministries","mail_enabled":false,"server_name":"localhost","http_host":"localhost","document_root":"C:\/xampp\/htdocs"}
[02-Apr-2026 11:36:33 UTC] Environment Info: {"environment":"development","debug_mode":true,"database_host":"localhost","database_name":"salem_dominion_ministries","database_user":"root","app_url":"http:\/\/localhost\/salem-dominion-ministries","mail_enabled":false,"server_name":"localhost","http_host":"localhost","document_root":"C:\/xampp\/htdocs"}
[02-Apr-2026 11:36:33 UTC] Environment Info: {"environment":"development","debug_mode":true,"database_host":"localhost","database_name":"salem_dominion_ministries","database_user":"root","app_url":"http:\/\/localhost\/salem-dominion-ministries","mail_enabled":false,"server_name":"localhost","http_host":"localhost","document_root":"C:\/xampp\/htdocs"}
[02-Apr-2026 11:36:33 UTC] Environment Info: {"environment":"development","debug_mode":true,"database_host":"localhost","database_name":"salem_dominion_ministries","database_user":"root","app_url":"http:\/\/localhost\/salem-dominion-ministries","mail_enabled":false,"server_name":"localhost","http_host":"localhost","document_root":"C:\/xampp\/htdocs"}
[02-Apr-2026 11:36:33 UTC] Environment Info: {"environment":"development","debug_mode":true,"database_host":"localhost","database_name":"salem_dominion_ministries","database_user":"root","app_url":"http:\/\/localhost\/salem-dominion-ministries","mail_enabled":false,"server_name":"localhost","http_host":"localhost","document_root":"C:\/xampp\/htdocs"}
[02-Apr-2026 11:36:34 UTC] Environment Info: {"environment":"development","debug_mode":true,"database_host":"localhost","database_name":"salem_dominion_ministries","database_user":"root","app_url":"http:\/\/localhost\/salem-dominion-ministries","mail_enabled":false,"server_name":"localhost","http_host":"localhost","document_root":"C:\/xampp\/htdocs"}
[02-Apr-2026 11:36:34 UTC] Environment Info: {"environment":"development","debug_mode":true,"database_host":"localhost","database_name":"salem_dominion_ministries","database_user":"root","app_url":"http:\/\/localhost\/salem-dominion-ministries","mail_enabled":false,"server_name":"localhost","http_host":"localhost","document_root":"C:\/xampp\/htdocs"}
[02-Apr-2026 11:36:34 UTC] Database Connection Test: SUCCESS
[02-Apr-2026 11:36:34 UTC] Environment Info: {"environment":"development","debug_mode":true,"database_host":"localhost","database_name":"salem_dominion_ministries","database_user":"root","app_url":"http:\/\/localhost\/salem-dominion-ministries","mail_enabled":false,"server_name":"localhost","http_host":"localhost","document_root":"C:\/xampp\/htdocs"}
[02-Apr-2026 11:36:34 UTC] Environment Info: {"environment":"development","debug_mode":true,"database_host":"localhost","database_name":"salem_dominion_ministries","database_user":"root","app_url":"http:\/\/localhost\/salem-dominion-ministries","mail_enabled":false,"server_name":"localhost","http_host":"localhost","document_root":"C:\/xampp\/htdocs"}
[02-Apr-2026 11:36:58 UTC] Environment Info: {"environment":"development","debug_mode":true,"database_host":"localhost","database_name":"salem_dominion_ministries","database_user":"root","app_url":"http:\/\/localhost\/salem-dominion-ministries","mail_enabled":false,"server_name":"localhost","http_host":"localhost","document_root":"C:\/xampp\/htdocs"}
[02-Apr-2026 11:37:50 UTC] Environment Info: {"environment":"development","debug_mode":true,"database_host":"localhost","database_name":"salem_dominion_ministries","database_user":"root","app_url":"http:\/\/localhost\/salem-dominion-ministries","mail_enabled":false,"server_name":"localhost","http_host":"localhost","document_root":"C:\/xampp\/htdocs"}
[02-Apr-2026 11:37:51 UTC] Environment Info: {"environment":"development","debug_mode":true,"database_host":"localhost","database_name":"salem_dominion_ministries","database_user":"root","app_url":"http:\/\/localhost\/salem-dominion-ministries","mail_enabled":false,"server_name":"localhost","http_host":"localhost","document_root":"C:\/xampp\/htdocs"}
[02-Apr-2026 11:37:52 UTC] Environment Info: {"environment":"development","debug_mode":true,"database_host":"localhost","database_name":"salem_dominion_ministries","database_user":"root","app_url":"http:\/\/localhost\/salem-dominion-ministries","mail_enabled":false,"server_name":"localhost","http_host":"localhost","document_root":"C:\/xampp\/htdocs"}
[02-Apr-2026 11:37:52 UTC] Environment Info: {"environment":"development","debug_mode":true,"database_host":"localhost","database_name":"salem_dominion_ministries","database_user":"root","app_url":"http:\/\/localhost\/salem-dominion-ministries","mail_enabled":false,"server_name":"localhost","http_host":"localhost","document_root":"C:\/xampp\/htdocs"}
[02-Apr-2026 11:37:52 UTC] Environment Info: {"environment":"development","debug_mode":true,"database_host":"localhost","database_name":"salem_dominion_ministries","database_user":"root","app_url":"http:\/\/localhost\/salem-dominion-ministries","mail_enabled":false,"server_name":"localhost","http_host":"localhost","document_root":"C:\/xampp\/htdocs"}
[02-Apr-2026 11:37:52 UTC] Environment Info: {"environment":"development","debug_mode":true,"database_host":"localhost","database_name":"salem_dominion_ministries","database_user":"root","app_url":"http:\/\/localhost\/salem-dominion-ministries","mail_enabled":false,"server_name":"localhost","http_host":"localhost","document_root":"C:\/xampp\/htdocs"}
[02-Apr-2026 11:37:53 UTC] Database Connection Test: SUCCESS
[02-Apr-2026 11:37:53 UTC] Environment Info: {"environment":"development","debug_mode":true,"database_host":"localhost","database_name":"salem_dominion_ministries","database_user":"root","app_url":"http:\/\/localhost\/salem-dominion-ministries","mail_enabled":false,"server_name":"localhost","http_host":"localhost","document_root":"C:\/xampp\/htdocs"}
[02-Apr-2026 11:37:53 UTC] Environment Info: {"environment":"development","debug_mode":true,"database_host":"localhost","database_name":"salem_dominion_ministries","database_user":"root","app_url":"http:\/\/localhost\/salem-dominion-ministries","mail_enabled":false,"server_name":"localhost","http_host":"localhost","document_root":"C:\/xampp\/htdocs"}
[02-Apr-2026 11:37:53 UTC] Environment Info: {"environment":"development","debug_mode":true,"database_host":"localhost","database_name":"salem_dominion_ministries","database_user":"root","app_url":"http:\/\/localhost\/salem-dominion-ministries","mail_enabled":false,"server_name":"localhost","http_host":"localhost","document_root":"C:\/xampp\/htdocs"}
[02-Apr-2026 11:37:53 UTC] Environment Info: {"environment":"development","debug_mode":true,"database_host":"localhost","database_name":"salem_dominion_ministries","database_user":"root","app_url":"http:\/\/localhost\/salem-dominion-ministries","mail_enabled":false,"server_name":"localhost","http_host":"localhost","document_root":"C:\/xampp\/htdocs"}
[02-Apr-2026 11:37:53 UTC] Environment Info: {"environment":"development","debug_mode":true,"database_host":"localhost","database_name":"salem_dominion_ministries","database_user":"root","app_url":"http:\/\/localhost\/salem-dominion-ministries","mail_enabled":false,"server_name":"localhost","http_host":"localhost","document_root":"C:\/xampp\/htdocs"}
[02-Apr-2026 11:37:53 UTC] Database Connection Test: SUCCESS
[02-Apr-2026 11:37:54 UTC] Environment Info: {"environment":"development","debug_mode":true,"database_host":"localhost","database_name":"salem_dominion_ministries","database_user":"root","app_url":"http:\/\/localhost\/salem-dominion-ministries","mail_enabled":false,"server_name":"localhost","http_host":"localhost","document_root":"C:\/xampp\/htdocs"}
[02-Apr-2026 11:37:54 UTC] Environment Info: {"environment":"development","debug_mode":true,"database_host":"localhost","database_name":"salem_dominion_ministries","database_user":"root","app_url":"http:\/\/localhost\/salem-dominion-ministries","mail_enabled":false,"server_name":"localhost","http_host":"localhost","document_root":"C:\/xampp\/htdocs"}
[02-Apr-2026 11:48:54 UTC] Environment Info: {"environment":"development","debug_mode":true,"database_host":"localhost","database_name":"salem_dominion_ministries","database_user":"root","app_url":"http:\/\/localhost\/salem-dominion-ministries","mail_enabled":false,"server_name":"localhost","http_host":"localhost","document_root":"C:\/xampp\/htdocs"}
[02-Apr-2026 11:48:54 UTC] Environment Info: {"environment":"development","debug_mode":true,"database_host":"localhost","database_name":"salem_dominion_ministries","database_user":"root","app_url":"http:\/\/localhost\/salem-dominion-ministries","mail_enabled":false,"server_name":"localhost","http_host":"localhost","document_root":"C:\/xampp\/htdocs"}
[02-Apr-2026 11:48:54 UTC] Environment Info: {"environment":"development","debug_mode":true,"database_host":"localhost","database_name":"salem_dominion_ministries","database_user":"root","app_url":"http:\/\/localhost\/salem-dominion-ministries","mail_enabled":false,"server_name":"localhost","http_host":"localhost","document_root":"C:\/xampp\/htdocs"}
[02-Apr-2026 11:48:54 UTC] Environment Info: {"environment":"development","debug_mode":true,"database_host":"localhost","database_name":"salem_dominion_ministries","database_user":"root","app_url":"http:\/\/localhost\/salem-dominion-ministries","mail_enabled":false,"server_name":"localhost","http_host":"localhost","document_root":"C:\/xampp\/htdocs"}
[02-Apr-2026 11:48:54 UTC] Database Connection Test: SUCCESS
[02-Apr-2026 11:48:54 UTC] Environment Info: {"environment":"development","debug_mode":true,"database_host":"localhost","database_name":"salem_dominion_ministries","database_user":"root","app_url":"http:\/\/localhost\/salem-dominion-ministries","mail_enabled":false,"server_name":"localhost","http_host":"localhost","document_root":"C:\/xampp\/htdocs"}
[02-Apr-2026 11:48:54 UTC] Environment Info: {"environment":"development","debug_mode":true,"database_host":"localhost","database_name":"salem_dominion_ministries","database_user":"root","app_url":"http:\/\/localhost\/salem-dominion-ministries","mail_enabled":false,"server_name":"localhost","http_host":"localhost","document_root":"C:\/xampp\/htdocs"}
[02-Apr-2026 11:48:54 UTC] Environment Info: {"environment":"development","debug_mode":true,"database_host":"localhost","database_name":"salem_dominion_ministries","database_user":"root","app_url":"http:\/\/localhost\/salem-dominion-ministries","mail_enabled":false,"server_name":"localhost","http_host":"localhost","document_root":"C:\/xampp\/htdocs"}
[02-Apr-2026 11:48:54 UTC] Environment Info: {"environment":"development","debug_mode":true,"database_host":"localhost","database_name":"salem_dominion_ministries","database_user":"root","app_url":"http:\/\/localhost\/salem-dominion-ministries","mail_enabled":false,"server_name":"localhost","http_host":"localhost","document_root":"C:\/xampp\/htdocs"}
[02-Apr-2026 11:48:54 UTC] Environment Info: {"environment":"development","debug_mode":true,"database_host":"localhost","database_name":"salem_dominion_ministries","database_user":"root","app_url":"http:\/\/localhost\/salem-dominion-ministries","mail_enabled":false,"server_name":"localhost","http_host":"localhost","document_root":"C:\/xampp\/htdocs"}
[02-Apr-2026 11:48:54 UTC] Database Connection Test: SUCCESS
[02-Apr-2026 11:48:54 UTC] Environment Info: {"environment":"development","debug_mode":true,"database_host":"localhost","database_name":"salem_dominion_ministries","database_user":"root","app_url":"http:\/\/localhost\/salem-dominion-ministries","mail_enabled":false,"server_name":"localhost","http_host":"localhost","document_root":"C:\/xampp\/htdocs"}
[02-Apr-2026 11:53:26 UTC] Environment Info: {"environment":"development","debug_mode":true,"database_host":"localhost","database_name":"salem_dominion_ministries","database_user":"root","app_url":"http:\/\/localhost\/salem-dominion-ministries","mail_enabled":false,"server_name":"localhost","http_host":"localhost","document_root":"C:\/xampp\/htdocs"}
[02-Apr-2026 11:53:26 UTC] PHP Warning:  Undefined array key "category" in C:\xampp\htdocs\salem-dominion-ministries\ministries.php on line 176
[02-Apr-2026 11:53:26 UTC] PHP Warning:  Undefined array key "category" in C:\xampp\htdocs\salem-dominion-ministries\ministries.php on line 177
[02-Apr-2026 11:53:26 UTC] PHP Warning:  Undefined array key "category" in C:\xampp\htdocs\salem-dominion-ministries\ministries.php on line 176
[02-Apr-2026 11:53:26 UTC] PHP Warning:  Undefined array key "category" in C:\xampp\htdocs\salem-dominion-ministries\ministries.php on line 177
[02-Apr-2026 11:53:26 UTC] PHP Warning:  Undefined array key "category" in C:\xampp\htdocs\salem-dominion-ministries\ministries.php on line 176
[02-Apr-2026 11:53:26 UTC] PHP Warning:  Undefined array key "category" in C:\xampp\htdocs\salem-dominion-ministries\ministries.php on line 177
[02-Apr-2026 11:53:26 UTC] PHP Warning:  Undefined array key "category" in C:\xampp\htdocs\salem-dominion-ministries\ministries.php on line 176
[02-Apr-2026 11:53:26 UTC] PHP Warning:  Undefined array key "category" in C:\xampp\htdocs\salem-dominion-ministries\ministries.php on line 177
[02-Apr-2026 11:53:26 UTC] PHP Warning:  Undefined array key "category" in C:\xampp\htdocs\salem-dominion-ministries\ministries.php on line 176
[02-Apr-2026 11:53:26 UTC] PHP Warning:  Undefined array key "category" in C:\xampp\htdocs\salem-dominion-ministries\ministries.php on line 177
[02-Apr-2026 11:53:45 UTC] Environment Info: {"environment":"development","debug_mode":true,"database_host":"localhost","database_name":"salem_dominion_ministries","database_user":"root","app_url":"http:\/\/localhost\/salem-dominion-ministries","mail_enabled":false,"server_name":"localhost","http_host":"localhost","document_root":"C:\/xampp\/htdocs"}
[02-Apr-2026 11:53:45 UTC] PHP Fatal error:  Uncaught mysqli_sql_exception: Unknown column 'category' in 'where clause' in C:\xampp\htdocs\salem-dominion-ministries\children_ministry.php:8
Stack trace:
#0 C:\xampp\htdocs\salem-dominion-ministries\children_ministry.php(8): mysqli->query('SELECT * FROM e...')
#1 {main}
  thrown in C:\xampp\htdocs\salem-dominion-ministries\children_ministry.php on line 8
[02-Apr-2026 11:53:51 UTC] Environment Info: {"environment":"development","debug_mode":true,"database_host":"localhost","database_name":"salem_dominion_ministries","database_user":"root","app_url":"http:\/\/localhost\/salem-dominion-ministries","mail_enabled":false,"server_name":"localhost","http_host":"localhost","document_root":"C:\/xampp\/htdocs"}
[02-Apr-2026 12:00:27 UTC] Environment Info: {"environment":"development","debug_mode":true,"database_host":"localhost","database_name":"salem_dominion_ministries","database_user":"root","app_url":"http:\/\/localhost\/salem-dominion-ministries","mail_enabled":false,"server_name":"localhost","http_host":"localhost","document_root":"C:\/xampp\/htdocs"}
[02-Apr-2026 12:00:27 UTC] Environment Info: {"environment":"development","debug_mode":true,"database_host":"localhost","database_name":"salem_dominion_ministries","database_user":"root","app_url":"http:\/\/localhost\/salem-dominion-ministries","mail_enabled":false,"server_name":"localhost","http_host":"localhost","document_root":"C:\/xampp\/htdocs"}
[02-Apr-2026 12:00:27 UTC] Environment Info: {"environment":"development","debug_mode":true,"database_host":"localhost","database_name":"salem_dominion_ministries","database_user":"root","app_url":"http:\/\/localhost\/salem-dominion-ministries","mail_enabled":false,"server_name":"localhost","http_host":"localhost","document_root":"C:\/xampp\/htdocs"}
[02-Apr-2026 12:00:28 UTC] Environment Info: {"environment":"development","debug_mode":true,"database_host":"localhost","database_name":"salem_dominion_ministries","database_user":"root","app_url":"http:\/\/localhost\/salem-dominion-ministries","mail_enabled":false,"server_name":"localhost","http_host":"localhost","document_root":"C:\/xampp\/htdocs"}
[02-Apr-2026 12:00:30 UTC] Environment Info: {"environment":"development","debug_mode":true,"database_host":"localhost","database_name":"salem_dominion_ministries","database_user":"root","app_url":"http:\/\/localhost\/salem-dominion-ministries","mail_enabled":false,"server_name":"localhost","http_host":"localhost","document_root":"C:\/xampp\/htdocs"}
[02-Apr-2026 12:00:30 UTC] PHP Warning:  Undefined array key "category" in C:\xampp\htdocs\salem-dominion-ministries\ministries.php on line 190
[02-Apr-2026 12:00:30 UTC] PHP Warning:  Undefined array key "category" in C:\xampp\htdocs\salem-dominion-ministries\ministries.php on line 191
[02-Apr-2026 12:00:30 UTC] PHP Warning:  Undefined array key "category" in C:\xampp\htdocs\salem-dominion-ministries\ministries.php on line 190
[02-Apr-2026 12:00:30 UTC] PHP Warning:  Undefined array key "category" in C:\xampp\htdocs\salem-dominion-ministries\ministries.php on line 191
[02-Apr-2026 12:00:30 UTC] PHP Warning:  Undefined array key "category" in C:\xampp\htdocs\salem-dominion-ministries\ministries.php on line 190
[02-Apr-2026 12:00:30 UTC] PHP Warning:  Undefined array key "category" in C:\xampp\htdocs\salem-dominion-ministries\ministries.php on line 191
[02-Apr-2026 12:00:30 UTC] PHP Warning:  Undefined array key "category" in C:\xampp\htdocs\salem-dominion-ministries\ministries.php on line 190
[02-Apr-2026 12:00:30 UTC] PHP Warning:  Undefined array key "category" in C:\xampp\htdocs\salem-dominion-ministries\ministries.php on line 191
[02-Apr-2026 12:00:30 UTC] PHP Warning:  Undefined array key "category" in C:\xampp\htdocs\salem-dominion-ministries\ministries.php on line 190
[02-Apr-2026 12:00:30 UTC] PHP Warning:  Undefined array key "category" in C:\xampp\htdocs\salem-dominion-ministries\ministries.php on line 191
[02-Apr-2026 12:00:41 UTC] Environment Info: {"environment":"development","debug_mode":true,"database_host":"localhost","database_name":"salem_dominion_ministries","database_user":"root","app_url":"http:\/\/localhost\/salem-dominion-ministries","mail_enabled":false,"server_name":"localhost","http_host":"localhost","document_root":"C:\/xampp\/htdocs"}
[02-Apr-2026 12:00:41 UTC] Environment Info: {"environment":"development","debug_mode":true,"database_host":"localhost","database_name":"salem_dominion_ministries","database_user":"root","app_url":"http:\/\/localhost\/salem-dominion-ministries","mail_enabled":false,"server_name":"localhost","http_host":"localhost","document_root":"C:\/xampp\/htdocs"}
[02-Apr-2026 12:00:41 UTC] Environment Info: {"environment":"development","debug_mode":true,"database_host":"localhost","database_name":"salem_dominion_ministries","database_user":"root","app_url":"http:\/\/localhost\/salem-dominion-ministries","mail_enabled":false,"server_name":"localhost","http_host":"localhost","document_root":"C:\/xampp\/htdocs"}
[02-Apr-2026 12:01:01 UTC] Environment Info: {"environment":"development","debug_mode":true,"database_host":"localhost","database_name":"salem_dominion_ministries","database_user":"root","app_url":"http:\/\/localhost\/salem-dominion-ministries","mail_enabled":false,"server_name":"localhost","http_host":"localhost","document_root":"C:\/xampp\/htdocs"}
[02-Apr-2026 12:01:02 UTC] Environment Info: {"environment":"development","debug_mode":true,"database_host":"localhost","database_name":"salem_dominion_ministries","database_user":"root","app_url":"http:\/\/localhost\/salem-dominion-ministries","mail_enabled":false,"server_name":"localhost","http_host":"localhost","document_root":"C:\/xampp\/htdocs"}
[02-Apr-2026 12:01:02 UTC] Database Connection Test: SUCCESS
[02-Apr-2026 12:01:04 UTC] Environment Info: {"environment":"development","debug_mode":true,"database_host":"localhost","database_name":"salem_dominion_ministries","database_user":"root","app_url":"http:\/\/localhost\/salem-dominion-ministries","mail_enabled":false,"server_name":"localhost","http_host":"localhost","document_root":"C:\/xampp\/htdocs"}
[02-Apr-2026 12:01:05 UTC] Environment Info: {"environment":"development","debug_mode":true,"database_host":"localhost","database_name":"salem_dominion_ministries","database_user":"root","app_url":"http:\/\/localhost\/salem-dominion-ministries","mail_enabled":false,"server_name":"localhost","http_host":"localhost","document_root":"C:\/xampp\/htdocs"}
[02-Apr-2026 12:01:05 UTC] Environment Info: {"environment":"development","debug_mode":true,"database_host":"localhost","database_name":"salem_dominion_ministries","database_user":"root","app_url":"http:\/\/localhost\/salem-dominion-ministries","mail_enabled":false,"server_name":"localhost","http_host":"localhost","document_root":"C:\/xampp\/htdocs"}
[02-Apr-2026 12:01:06 UTC] Environment Info: {"environment":"development","debug_mode":true,"database_host":"localhost","database_name":"salem_dominion_ministries","database_user":"root","app_url":"http:\/\/localhost\/salem-dominion-ministries","mail_enabled":false,"server_name":"localhost","http_host":"localhost","document_root":"C:\/xampp\/htdocs"}
[02-Apr-2026 12:01:07 UTC] Environment Info: {"environment":"development","debug_mode":true,"database_host":"localhost","database_name":"salem_dominion_ministries","database_user":"root","app_url":"http:\/\/localhost\/salem-dominion-ministries","mail_enabled":false,"server_name":"localhost","http_host":"localhost","document_root":"C:\/xampp\/htdocs"}
[02-Apr-2026 12:01:07 UTC] Environment Info: {"environment":"development","debug_mode":true,"database_host":"localhost","database_name":"salem_dominion_ministries","database_user":"root","app_url":"http:\/\/localhost\/salem-dominion-ministries","mail_enabled":false,"server_name":"localhost","http_host":"localhost","document_root":"C:\/xampp\/htdocs"}
[02-Apr-2026 12:01:15 UTC] Environment Info: {"environment":"development","debug_mode":true,"database_host":"localhost","database_name":"salem_dominion_ministries","database_user":"root","app_url":"http:\/\/localhost\/salem-dominion-ministries","mail_enabled":false,"server_name":"localhost","http_host":"localhost","document_root":"C:\/xampp\/htdocs"}
[02-Apr-2026 12:01:15 UTC] Database Connection Test: SUCCESS
[02-Apr-2026 12:07:35 UTC] Environment Info: {"environment":"development","debug_mode":true,"database_host":"localhost","database_name":"salem_dominion_ministries","database_user":"root","app_url":"http:\/\/localhost\/salem-dominion-ministries","mail_enabled":false,"server_name":"localhost","http_host":"localhost","document_root":"C:\/xampp\/htdocs"}
[02-Apr-2026 12:07:35 UTC] Environment Info: {"environment":"development","debug_mode":true,"database_host":"localhost","database_name":"salem_dominion_ministries","database_user":"root","app_url":"http:\/\/localhost\/salem-dominion-ministries","mail_enabled":false,"server_name":"localhost","http_host":"localhost","document_root":"C:\/xampp\/htdocs"}
[02-Apr-2026 12:07:35 UTC] Database Connection Test: SUCCESS
[02-Apr-2026 12:07:36 UTC] Environment Info: {"environment":"development","debug_mode":true,"database_host":"localhost","database_name":"salem_dominion_ministries","database_user":"root","app_url":"http:\/\/localhost\/salem-dominion-ministries","mail_enabled":false,"server_name":"localhost","http_host":"localhost","document_root":"C:\/xampp\/htdocs"}
[02-Apr-2026 12:07:36 UTC] Environment Info: {"environment":"development","debug_mode":true,"database_host":"localhost","database_name":"salem_dominion_ministries","database_user":"root","app_url":"http:\/\/localhost\/salem-dominion-ministries","mail_enabled":false,"server_name":"localhost","http_host":"localhost","document_root":"C:\/xampp\/htdocs"}
[02-Apr-2026 12:07:36 UTC] Environment Info: {"environment":"development","debug_mode":true,"database_host":"localhost","database_name":"salem_dominion_ministries","database_user":"root","app_url":"http:\/\/localhost\/salem-dominion-ministries","mail_enabled":false,"server_name":"localhost","http_host":"localhost","document_root":"C:\/xampp\/htdocs"}
[02-Apr-2026 12:07:36 UTC] Environment Info: {"environment":"development","debug_mode":true,"database_host":"localhost","database_name":"salem_dominion_ministries","database_user":"root","app_url":"http:\/\/localhost\/salem-dominion-ministries","mail_enabled":false,"server_name":"localhost","http_host":"localhost","document_root":"C:\/xampp\/htdocs"}
[02-Apr-2026 12:07:36 UTC] Environment Info: {"environment":"development","debug_mode":true,"database_host":"localhost","database_name":"salem_dominion_ministries","database_user":"root","app_url":"http:\/\/localhost\/salem-dominion-ministries","mail_enabled":false,"server_name":"localhost","http_host":"localhost","document_root":"C:\/xampp\/htdocs"}
[02-Apr-2026 12:07:36 UTC] Environment Info: {"environment":"development","debug_mode":true,"database_host":"localhost","database_name":"salem_dominion_ministries","database_user":"root","app_url":"http:\/\/localhost\/salem-dominion-ministries","mail_enabled":false,"server_name":"localhost","http_host":"localhost","document_root":"C:\/xampp\/htdocs"}
[02-Apr-2026 12:07:36 UTC] Environment Info: {"environment":"development","debug_mode":true,"database_host":"localhost","database_name":"salem_dominion_ministries","database_user":"root","app_url":"http:\/\/localhost\/salem-dominion-ministries","mail_enabled":false,"server_name":"localhost","http_host":"localhost","document_root":"C:\/xampp\/htdocs"}
[02-Apr-2026 12:07:36 UTC] Database Connection Test: SUCCESS
[02-Apr-2026 12:07:36 UTC] Environment Info: {"environment":"development","debug_mode":true,"database_host":"localhost","database_name":"salem_dominion_ministries","database_user":"root","app_url":"http:\/\/localhost\/salem-dominion-ministries","mail_enabled":false,"server_name":"localhost","http_host":"localhost","document_root":"C:\/xampp\/htdocs"}
[02-Apr-2026 12:08:22 UTC] Environment Info: {"environment":"development","debug_mode":true,"database_host":"localhost","database_name":"salem_dominion_ministries","database_user":"root","app_url":"http:\/\/localhost\/salem-dominion-ministries","mail_enabled":false,"server_name":"localhost","http_host":"localhost","document_root":"C:\/xampp\/htdocs"}
[02-Apr-2026 12:10:49 UTC] Environment Info: {"environment":"development","debug_mode":true,"database_host":"localhost","database_name":"salem_dominion_ministries","database_user":"root","app_url":"http:\/\/localhost\/salem-dominion-ministries","mail_enabled":false,"server_name":"localhost","http_host":"localhost","document_root":"C:\/xampp\/htdocs"}
[02-Apr-2026 12:11:17 UTC] Environment Info: {"environment":"development","debug_mode":true,"database_host":"localhost","database_name":"salem_dominion_ministries","database_user":"root","app_url":"http:\/\/localhost\/salem-dominion-ministries","mail_enabled":false,"server_name":"localhost","http_host":"localhost","document_root":"C:\/xampp\/htdocs"}
[02-Apr-2026 12:11:17 UTC] PHP Fatal error:  Uncaught Error: Call to undefined method mysqli::selectOne() in C:\xampp\htdocs\salem-dominion-ministries\about.php:18
Stack trace:
#0 {main}
  thrown in C:\xampp\htdocs\salem-dominion-ministries\about.php on line 18
[02-Apr-2026 12:11:20 UTC] Environment Info: {"environment":"development","debug_mode":true,"database_host":"localhost","database_name":"salem_dominion_ministries","database_user":"root","app_url":"http:\/\/localhost\/salem-dominion-ministries","mail_enabled":false,"server_name":"localhost","http_host":"localhost","document_root":"C:\/xampp\/htdocs"}
[02-Apr-2026 12:11:20 UTC] PHP Fatal error:  Uncaught Error: Call to undefined method mysqli::selectOne() in C:\xampp\htdocs\salem-dominion-ministries\about.php:18
Stack trace:
#0 {main}
  thrown in C:\xampp\htdocs\salem-dominion-ministries\about.php on line 18
[02-Apr-2026 12:11:26 UTC] Environment Info: {"environment":"development","debug_mode":true,"database_host":"localhost","database_name":"salem_dominion_ministries","database_user":"root","app_url":"http:\/\/localhost\/salem-dominion-ministries","mail_enabled":false,"server_name":"localhost","http_host":"localhost","document_root":"C:\/xampp\/htdocs"}
[02-Apr-2026 12:11:26 UTC] PHP Warning:  Undefined array key "category" in C:\xampp\htdocs\salem-dominion-ministries\ministries.php on line 190
[02-Apr-2026 12:11:26 UTC] PHP Warning:  Undefined array key "category" in C:\xampp\htdocs\salem-dominion-ministries\ministries.php on line 191
[02-Apr-2026 12:11:26 UTC] PHP Warning:  Undefined array key "category" in C:\xampp\htdocs\salem-dominion-ministries\ministries.php on line 190
[02-Apr-2026 12:11:26 UTC] PHP Warning:  Undefined array key "category" in C:\xampp\htdocs\salem-dominion-ministries\ministries.php on line 191
[02-Apr-2026 12:11:26 UTC] PHP Warning:  Undefined array key "category" in C:\xampp\htdocs\salem-dominion-ministries\ministries.php on line 190
[02-Apr-2026 12:11:26 UTC] PHP Warning:  Undefined array key "category" in C:\xampp\htdocs\salem-dominion-ministries\ministries.php on line 191
[02-Apr-2026 12:11:26 UTC] PHP Warning:  Undefined array key "category" in C:\xampp\htdocs\salem-dominion-ministries\ministries.php on line 190
[02-Apr-2026 12:11:26 UTC] PHP Warning:  Undefined array key "category" in C:\xampp\htdocs\salem-dominion-ministries\ministries.php on line 191
[02-Apr-2026 12:11:26 UTC] PHP Warning:  Undefined array key "category" in C:\xampp\htdocs\salem-dominion-ministries\ministries.php on line 190
[02-Apr-2026 12:11:26 UTC] PHP Warning:  Undefined array key "category" in C:\xampp\htdocs\salem-dominion-ministries\ministries.php on line 191
[02-Apr-2026 12:11:26 UTC] Environment Info: {"environment":"development","debug_mode":true,"database_host":"localhost","database_name":"salem_dominion_ministries","database_user":"root","app_url":"http:\/\/localhost\/salem-dominion-ministries","mail_enabled":false,"server_name":"localhost","http_host":"localhost","document_root":"C:\/xampp\/htdocs"}
[02-Apr-2026 12:11:26 UTC] Environment Info: {"environment":"development","debug_mode":true,"database_host":"localhost","database_name":"salem_dominion_ministries","database_user":"root","app_url":"http:\/\/localhost\/salem-dominion-ministries","mail_enabled":false,"server_name":"localhost","http_host":"localhost","document_root":"C:\/xampp\/htdocs"}
[02-Apr-2026 12:11:26 UTC] Environment Info: {"environment":"development","debug_mode":true,"database_host":"localhost","database_name":"salem_dominion_ministries","database_user":"root","app_url":"http:\/\/localhost\/salem-dominion-ministries","mail_enabled":false,"server_name":"localhost","http_host":"localhost","document_root":"C:\/xampp\/htdocs"}
[02-Apr-2026 12:11:53 UTC] Environment Info: {"environment":"development","debug_mode":true,"database_host":"localhost","database_name":"salem_dominion_ministries","database_user":"root","app_url":"http:\/\/localhost\/salem-dominion-ministries","mail_enabled":false,"server_name":"localhost","http_host":"localhost","document_root":"C:\/xampp\/htdocs"}
[02-Apr-2026 12:12:43 UTC] Environment Info: {"environment":"development","debug_mode":true,"database_host":"localhost","database_name":"salem_dominion_ministries","database_user":"root","app_url":"http:\/\/localhost\/salem-dominion-ministries","mail_enabled":false,"server_name":"localhost","http_host":"localhost","document_root":"C:\/xampp\/htdocs"}
[02-Apr-2026 12:12:43 UTC] PHP Fatal error:  Uncaught TypeError: count(): Argument #1 ($value) must be of type Countable|array, mysqli_result given in C:\xampp\htdocs\salem-dominion-ministries\events.php:635
Stack trace:
#0 {main}
  thrown in C:\xampp\htdocs\salem-dominion-ministries\events.php on line 635
[02-Apr-2026 12:14:45 UTC] Environment Info: {"environment":"development","debug_mode":true,"database_host":"localhost","database_name":"salem_dominion_ministries","database_user":"root","app_url":"http:\/\/localhost\/salem-dominion-ministries","mail_enabled":false,"server_name":"localhost","http_host":"localhost","document_root":"C:\/xampp\/htdocs"}
[02-Apr-2026 12:14:45 UTC] Environment Info: {"environment":"development","debug_mode":true,"database_host":"localhost","database_name":"salem_dominion_ministries","database_user":"root","app_url":"http:\/\/localhost\/salem-dominion-ministries","mail_enabled":false,"server_name":"localhost","http_host":"localhost","document_root":"C:\/xampp\/htdocs"}
[02-Apr-2026 12:14:45 UTC] Environment Info: {"environment":"development","debug_mode":true,"database_host":"localhost","database_name":"salem_dominion_ministries","database_user":"root","app_url":"http:\/\/localhost\/salem-dominion-ministries","mail_enabled":false,"server_name":"localhost","http_host":"localhost","document_root":"C:\/xampp\/htdocs"}
[02-Apr-2026 12:14:53 UTC] Environment Info: {"environment":"development","debug_mode":true,"database_host":"localhost","database_name":"salem_dominion_ministries","database_user":"root","app_url":"http:\/\/localhost\/salem-dominion-ministries","mail_enabled":false,"server_name":"localhost","http_host":"localhost","document_root":"C:\/xampp\/htdocs"}
[02-Apr-2026 12:14:54 UTC] Environment Info: {"environment":"development","debug_mode":true,"database_host":"localhost","database_name":"salem_dominion_ministries","database_user":"root","app_url":"http:\/\/localhost\/salem-dominion-ministries","mail_enabled":false,"server_name":"localhost","http_host":"localhost","document_root":"C:\/xampp\/htdocs"}
[02-Apr-2026 12:14:54 UTC] Environment Info: {"environment":"development","debug_mode":true,"database_host":"localhost","database_name":"salem_dominion_ministries","database_user":"root","app_url":"http:\/\/localhost\/salem-dominion-ministries","mail_enabled":false,"server_name":"localhost","http_host":"localhost","document_root":"C:\/xampp\/htdocs"}
[02-Apr-2026 12:14:54 UTC] Environment Info: {"environment":"development","debug_mode":true,"database_host":"localhost","database_name":"salem_dominion_ministries","database_user":"root","app_url":"http:\/\/localhost\/salem-dominion-ministries","mail_enabled":false,"server_name":"localhost","http_host":"localhost","document_root":"C:\/xampp\/htdocs"}
